Case #1: 1 8
Case #2: 1
Case #3: 1 2
Case #4: 1 5 9
Case #5: 1 4294967296
Case #6: 1 41 81
Case #7: 1 94036996916 188073993831 282110990746 376147987661 470184984576
Case #8: 1 137258 274515 411772 549029 686286 823543
Case #9: 1 2 3 4 5 6 7 8 9 10 11 12 13 14
Case #10: 1
Case #11: 1 4682 9363 14044 18725 23406 28087 32768
Case #12: 1 166455894152 332911788303 499367682454 665823576605 832279470756 998735364907 1165191259058 1331647153209 1498103047360 1664558941511 1831014835662 1997470729813 2163926623964 2330382518115 2496838412266 2663294306417 2829750200568 2996206094719 3162661988870 3329117883021 3495573777172 3662029671323 3828485565474 3994941459625 4161397353776 4327853247927 4494309142078 4660765036229 4827220930380 4993676824531 5160132718682 5326588612833 5493044506984 5659500401135 5825956295286 5992412189437 6158868083588 6325323977739 6491779871890 6658235766041 6824691660192 6991147554343 7157603448494 7324059342645 7490515236796 7656971130947 7823427025098 7989882919249 8156338813400 8322794707551 8489250601702 8655706495853 8822162390004 8988618284155 9155074178306 9321530072457 9487985966608 9654441860759 9820897754910 9987353649061 10153809543212 10320265437363 10486721331514 10653177225665 10819633119816 10986089013967 11152544908118 11319000802269 11485456696420 11651912590571 11818368484722 11984824378873 12151280273024
Case #13: 1 524288
Case #14: 1 4
Case #15: 1 1251995979594362 2503991959188723 3755987938783084 5007983918377445 6259979897971806 7511975877566167 8763971857160528 10015967836754889 11267963816349250 12519959795943611 13771955775537972 15023951755132333 16275947734726694 17527943714321055 18779939693915416 20031935673509777 21283931653104138 22535927632698499 23787923612292860 25039919591887221 26291915571481582 27543911551075943 28795907530670304 30047903510264665 31299899489859026 32551895469453387 33803891449047748 35055887428642109 36307883408236470 37559879387830831 38811875367425192 40063871347019553 41315867326613914 42567863306208275 43819859285802636 45071855265396997 46323851244991358 47575847224585719 48827843204180080 50079839183774441 51331835163368802 52583831142963163 53835827122557524 55087823102151885 56339819081746246 57591815061340607 58843811040934968 60095807020529329 61347803000123690 62599798979718051 63851794959312412 65103790938906773 66355786918501134 67607782898095495 68859778877689856 70111774857284217 71363770836878578 72615766816472939 73867762796067300 75119758775661661 76371754755256022 77623750734850383 78875746714444744 80127742694039105 81379738673633466 82631734653227827 83883730632822188 85135726612416549 86387722592010910 87639718571605271 88891714551199632 90143710530793993 91395706510388354 92647702489982715 93899698469577076 95151694449171437
Case #16: 1 7241 14481 21721 28961 36201 43441 50681 57921 65161 72401 79641 86881 94121 101361 108601 115841 123081 130321
Case #17: 1 54114966816 108229933631 162344900446 216459867261 270574834076 324689800891 378804767706 432919734521 487034701336 541149668151 595264634966 649379601781 703494568596 757609535411 811724502226 865839469041 919954435856 974069402671 1028184369486 1082299336301 1136414303116 1190529269931 1244644236746 1298759203561 1352874170376 1406989137191 1461104104006 1515219070821 1569334037636 1623449004451 1677563971266 1731678938081 1785793904896
Case #18: 1 15690529805 31381059609
Case #19: 1 10101010101010102 20202020202020203 30303030303030304 40404040404040405 50505050505050506 60606060606060607 70707070707070708 80808080808080809 90909090909090910 101010101010101011 111111111111111112 121212121212121213 131313131313131314 141414141414141415 151515151515151516 161616161616161617 171717171717171718 181818181818181819 191919191919191920 202020202020202021 212121212121212122 222222222222222223 232323232323232324 242424242424242425 252525252525252526 262626262626262627 272727272727272728 282828282828282829 292929292929292930 303030303030303031 313131313131313132 323232323232323233 333333333333333334 343434343434343435 353535353535353536 363636363636363637 373737373737373738 383838383838383839 393939393939393940 404040404040404041 414141414141414142 424242424242424243 434343434343434344 444444444444444445 454545454545454546 464646464646464647 474747474747474748 484848484848484849 494949494949494950 505050505050505051 515151515151515152 525252525252525253 535353535353535354 545454545454545455 555555555555555556 565656565656565657 575757575757575758 585858585858585859 595959595959595960 606060606060606061 616161616161616162 626262626262626263 636363636363636364 646464646464646465 656565656565656566 666666666666666667 676767676767676768 686868686868686869 696969696969696970 707070707070707071 717171717171717172 727272727272727273 737373737373737374 747474747474747475 757575757575757576 767676767676767677 777777777777777778 787878787878787879 797979797979797980 808080808080808081 818181818181818182 828282828282828283 838383838383838384 848484848484848485 858585858585858586 868686868686868687 878787878787878788 888888888888888889 898989898989898990 909090909090909091 919191919191919192 929292929292929293 939393939393939394 949494949494949495 959595959595959596 969696969696969697 979797979797979798 989898989898989899 1000000000000000000
Case #20: 1
Case #21: 1
Case #22: 1 2 3
Case #23: 1 8492487572 16984975143 25477462714 33969950285 42462437856 50954925427 59447412998 67939900569 76432388140 84924875711 93417363282 101909850853 110402338424 118894825995 127387313566 135879801137 144372288708 152864776279 161357263850 169849751421 178342238992 186834726563 195327214134 203819701705 212312189276 220804676847 229297164418 237789651989 246282139560 254774627131 263267114702 271759602273 280252089844 288744577415 297237064986 305729552557 314222040128 322714527699 331207015270 339699502841 348191990412 356684477983 365176965554 373669453125
Case #24: 1 122 243
Case #25: 1 2 3 4 5 6 7 8 9 10 11 12 13 14 15 16 17 18 19 20 21 22 23 24 25 26 27 28 29 30 31 32 33 34 35 36 37 38 39 40 41 42 43 44 45 46 47 48 49 50 51 52 53 54 55 56 57 58 59 60 61 62 63 64 65 66 67 68 69 70 71 72 73 74 75 76 77 78 79 80 81 82 83 84 85 86
Case #26: 1 86 171 256
Case #27: 1 242 483 724 965 1206 1447 1688 1929 2170 2411 2652 2893 3134 3375
Case #28: 1 88742 177483 266224 354965 443706 532447 621188 709929 798670 887411 976152 1064893 1153634 1242375 1331116 1419857
Case #29: 1
Case #30: 1 254313152 508626303 762939454 1017252605 1271565756 1525878907 1780192058 2034505209 2288818360 2543131511 2797444662 3051757813 3306070964 3560384115 3814697266 4069010417 4323323568 4577636719 4831949870 5086263021 5340576172 5594889323 5849202474 6103515625
Case #31: 1 28 55 82 109 136 163 190 217 244 271 298 325 352 379 406 433 460 487 514 541 568 595 622 649 676
Case #32: 1 666161 1332321 1998481 2664641 3330801 3996961 4663121 5329281 5995441 6661601 7327761 7993921 8660081 9326241 9992401 10658561 11324721 11990881 12657041 13323201 13989361 14655521 15321681 15987841 16654001 17320161 17986321 18652481 19318641 19984801 20650961 21317121 21983281 22649441 23315601 23981761 24647921 25314081 25980241 26646401 27312561 27978721 28644881 29311041 29977201 30643361 31309521 31975681 32641841 33308001 33974161 34640321 35306481 35972641 36638801 37304961 37971121 38637281 39303441 39969601 40635761 41301921 41968081 42634241 43300401 43966561 44632721 45298881 45965041 46631201 47297361 47963521 48629681 49295841 49962001 50628161 51294321 51960481 52626641 53292801 53958961 54625121 55291281 55957441 56623601 57289761
Case #33: 1 81133745691637 162267491383273 243401237074909 324534982766545 405668728458181 486802474149817 567936219841453 649069965533089 730203711224725 811337456916361 892471202607997 973604948299633 1054738693991269 1135872439682905 1217006185374541 1298139931066177 1379273676757813 1460407422449449 1541541168141085 1622674913832721 1703808659524357 1784942405215993 1866076150907629 1947209896599265 2028343642290901 2109477387982537 2190611133674173 2271744879365809 2352878625057445 2434012370749081 2515146116440717 2596279862132353 2677413607823989 2758547353515625
Case #34: 1 111111111111111112 222222222222222223 333333333333333334 444444444444444445 555555555555555556 666666666666666667 777777777777777778 888888888888888889 1000000000000000000
Case #35: 1 131072
Case #36: 1 1387908063808892 2775816127617783 4163724191426674 5551632255235565 6939540319044456 8327448382853347 9715356446662238 11103264510471129 12491172574280020 13879080638088911 15266988701897802 16654896765706693 18042804829515584 19430712893324475 20818620957133366 22206529020942257 23594437084751148 24982345148560039 26370253212368930 27758161276177821 29146069339986712 30533977403795603 31921885467604494 33309793531413385 34697701595222276 36085609659031167 37473517722840058 38861425786648949 40249333850457840 41637241914266731 43025149978075622 44413058041884513 45800966105693404 47188874169502295 48576782233311186 49964690297120077 51352598360928968 52740506424737859 54128414488546750 55516322552355641 56904230616164532 58292138679973423 59680046743782314 61067954807591205 62455862871400096 63843770935208987 65231678999017878 66619587062826769 68007495126635660 69395403190444551 70783311254253442 72171219318062333 73559127381871224 74947035445680115 76334943509489006 77722851573297897 79110759637106788 80498667700915679 81886575764724570 83274483828533461 84662391892342352 86050299956151243 87438208019960134 88826116083769025 90214024147577916 91601932211386807 92989840275195698 94377748339004589 95765656402813480 97153564466622371 98541472530431262 99929380594240153 101317288658049044 102705196721857935 104093104785666826 105481012849475717 106868920913284608
Case #37: 1 11112 22223 33334 44445 55556 66667 77778 88889 100000
Case #38: 1 480716 961431 1442146 1922861 2403576 2884291 3365006 3845721 4326436 4807151 5287866 5768581 6249296 6730011 7210726 7691441 8172156 8652871 9133586 9614301 10095016 10575731 11056446 11537161 12017876 12498591 12979306 13460021 13940736 14421451 14902166 15382881 15863596 16344311 16825026 17305741 17786456 18267171 18747886 19228601 19709316 20190031 20670746 21151461 21632176 22112891 22593606 23074321 23555036 24035751 24516466 24997181 25477896 25958611 26439326 26920041 27400756 27881471 28362186 28842901 29323616 29804331 30285046 30765761 31246476 31727191 32207906 32688621 33169336 33650051 34130766 34611481 35092196 35572911 36053626 36534341 37015056
Case #39: 1 6471871694 12943743387 19415615080 25887486773 32359358466 38831230159 45303101852 51774973545 58246845238 64718716931 71190588624 77662460317 84134332010 90606203703 97078075396 103549947089 110021818782 116493690475 122965562168 129437433861 135909305554 142381177247 148853048940 155324920633 161796792326 168268664019 174740535712 181212407405 187684279098 194156150791 200628022484 207099894177 213571765870 220043637563 226515509256 232987380949 239459252642 245931124335 252402996028 258874867721 265346739414 271818611107
Case #40: 1 2 3 4
Case #41: 1 102 203 304 405 506 607 708 809 910 1011 1112 1213 1314 1415 1516 1617 1718 1819 1920 2021 2122 2223 2324 2425 2526 2627 2728 2829 2930 3031 3132 3233 3334 3435 3536 3637 3738 3839 3940 4041 4142 4243 4344 4445 4546 4647 4748 4849 4950 5051 5152 5253 5354 5455 5556 5657 5758 5859 5960 6061 6162 6263 6364 6465 6566 6667 6768 6869 6970 7071 7172 7273 7374 7475 7576 7677 7778 7879 7980 8081 8182 8283 8384 8485 8586 8687 8788 8889 8990 9091 9192 9293 9394 9495 9596 9697 9798 9899 10000
Case #42: 1 121871948002100 243743896004199 365615844006298 487487792008397 609359740010496
Case #43: 1 435848051 871696101 1307544151 1743392201 2179240251 2615088301 3050936351 3486784401
Case #44: 1 133878824 267757647 401636470 535515293 669394116 803272939 937151762 1071030585 1204909408 1338788231 1472667054 1606545877 1740424700 1874303523 2008182346 2142061169 2275939992 2409818815 2543697638 2677576461 2811455284 2945334107 3079212930 3213091753 3346970576 3480849399 3614728222 3748607045 3882485868 4016364691 4150243514 4284122337 4418001160 4551879983 4685758806 4819637629 4953516452 5087395275 5221274098 5355152921 5489031744
Case #45: 1 96076792050570582 192153584101141163 288230376151711744
Case #46: 1 8108732 16217463 24326194 32434925 40543656 48652387 56761118 64869849 72978580 81087311 89196042 97304773 105413504
Case #47: 1 89478486 178956971 268435456
Case #48: 1 2 3 4 5 6 7 8 9 10 11 12 13 14 15 16 17 18 19 20 21 22 23 24 25 26 27 28 29 30 31 32 33 34 35 36 37 38 39 40 41 42 43 44 45 46 47 48 49 50 51 52 53 54 55 56 57 58 59 60 61 62 63 64 65 66 67 68 69 70 71 72 73 74 75 76 77 78 79 80 81 82 83 84 85 86 87 88 89 90 91 92 93 94 95 96 97 98 99 100
Case #49: 1 225141952945498682 450283905890997363
Case #50: 1 7658 15315 22972 30629 38286 45943 53600 61257 68914 76571 84228 91885 99542 107199 114856 122513 130170 137827 145484 153141 160798 168455 176112 183769 191426 199083 206740 214397 222054 229711 237368 245025 252682 260339 267996 275653 283310 290967 298624 306281 313938 321595 329252 336909 344566 352223 359880 367537 375194 382851 390508 398165 405822 413479 421136 428793 436450 444107 451764 459421 467078 474735 482392 490049 497706 505363 513020 520677 528334 535991 543648 551305 558962 566619 574276 581933 589590 597247 604904 612561 620218 627875 635532 643189 650846 658503
Case #51: 1 1010102 2020203 3030304 4040405 5050506 6060607 7070708 8080809 9090910 10101011 11111112 12121213 13131314 14141415 15151516 16161617 17171718 18181819 19191920 20202021 21212122 22222223 23232324 24242425 25252526 26262627 27272728 28282829 29292930 30303031 31313132 32323233 33333334 34343435 35353536 36363637 37373738 38383839 39393940 40404041 41414142 42424243 43434344 44444445 45454546 46464647 47474748 48484849 49494950 50505051 51515152 52525253 53535354 54545455 55555556 56565657 57575758 58585859 59595960 60606061 61616162 62626263 63636364 64646465 65656566 66666667 67676768 68686869 69696970 70707071 71717172 72727273 73737374 74747475 75757576 76767677 77777778 78787879 79797980 80808081 81818182 82828283 83838384 84848485 85858586 86868687 87878788 88888889 89898990 90909091 91919192 92929293 93939394 94949495 95959596 96969697 97979798 98989899 100000000
Case #52: 1 97657 195313 292969 390625
Case #53: 1 16
Case #54: 1 8042222 16084443 24126664 32168885 40211106 48253327 56295548 64337769 72379990 80422211 88464432 96506653 104548874 112591095 120633316 128675537 136717758 144759979 152802200 160844421 168886642 176928863 184971084 193013305 201055526 209097747 217139968 225182189 233224410 241266631 249308852 257351073 265393294 273435515 281477736 289519957 297562178 305604399 313646620 321688841 329731062 337773283 345815504 353857725 361899946 369942167 377984388 386026609 394068830 402111051 410153272 418195493
Case #55: 1
Case #56: 1 357913942 715827883 1073741824
Case #57: 1 151741 303481 455221 606961 758701 910441 1062181 1213921 1365661 1517401 1669141 1820881 1972621 2124361 2276101 2427841 2579581 2731321 2883061 3034801 3186541 3338281 3490021 3641761 3793501 3945241 4096981 4248721 4400461 4552201 4703941 4855681 5007421 5159161 5310901 5462641 5614381 5766121 5917861 6069601 6221341 6373081 6524821 6676561 6828301 6980041 7131781 7283521 7435261 7587001 7738741 7890481
Case #58: 1 2 3 4 5 6 7 8 9 10 11 12 13 14 15 16 17 18 19 20 21 22 23 24 25 26 27 28 29 30 31 32 33 34 35 36 37 38 39 40 41 42 43 44 45 46 47 48 49 50 51 52 53 54 55 56 57 58 59 60 61 62 63 64 65 66 67 68 69 70 71 72 73 74 75 76 77 78 79 80 81 82 83 84 85 86 87 88 89 90 91 92 93 94
Case #59: 1 16384
Case #60: 1 737192 1474383 2211574 2948765 3685956 4423147 5160338 5897529 6634720 7371911 8109102 8846293 9583484 10320675 11057866 11795057 12532248 13269439 14006630 14743821 15481012 16218203 16955394 17692585 18429776 19166967 19904158 20641349 21378540 22115731 22852922 23590113 24327304 25064495 25801686 26538877 27276068 28013259 28750450 29487641 30224832 30962023 31699214 32436405 33173596 33910787 34647978 35385169 36122360 36859551 37596742 38333933 39071124 39808315 40545506 41282697 42019888 42757079 43494270 44231461 44968652 45705843 46443034 47180225 47917416 48654607 49391798 50128989 50866180 51603371 52340562 53077753 53814944 54552135 55289326 56026517 56763708 57500899 58238090 58975281 59712472 60449663 61186854 61924045 62661236 63398427 64135618 64872809 65610000
Case #61: 1 2 3 4 5 6 7 8 9 10 11 12 13 14 15 16 17 18 19 20 21 22 23 24 25 26 27 28 29 30 31 32 33 34 35 36 37 38 39 40 41 42 43 44 45 46 47 48 49 50 51 52 53 54 55 56 57 58 59 60 61 62 63 64 65 66 67 68 69 70 71 72 73 74 75 76
Case #62: 1 732542 1465083 2197624 2930165 3662706 4395247 5127788 5860329 6592870 7325411 8057952 8790493 9523034 10255575 10988116 11720657 12453198 13185739 13918280 14650821 15383362 16115903 16848444 17580985 18313526 19046067 19778608 20511149
Case #63: 1 4353039202247192 8706078404494383 13059117606741574 17412156808988765 21765196011235956 26118235213483147 30471274415730338 34824313617977529 39177352820224720 43530392022471911 47883431224719102 52236470426966293 56589509629213484 60942548831460675 65295588033707866 69648627235955057 74001666438202248 78354705640449439 82707744842696630 87060784044943821 91413823247191012 95766862449438203 100119901651685394 104472940853932585 108825980056179776 113179019258426967 117532058460674158 121885097662921349 126238136865168540 130591176067415731 134944215269662922 139297254471910113 143650293674157304 148003332876404495 152356372078651686 156709411280898877 161062450483146068 165415489685393259 169768528887640450 174121568089887641 178474607292134832 182827646494382023 187180685696629214 191533724898876405 195886764101123596 200239803303370787 204592842505617978 208945881707865169 213298920910112360 217651960112359551 222004999314606742 226358038516853933 230711077719101124 235064116921348315 239417156123595506 243770195325842697 248123234528089888 252476273730337079 256829312932584270 261182352134831461 265535391337078652 269888430539325843 274241469741573034 278594508943820225 282947548146067416 287300587348314607 291653626550561798 296006665752808989 300359704955056180 304712744157303371 309065783359550562 313418822561797753 317771861764044944 322124900966292135 326477940168539326 330830979370786517 335184018573033708 339537057775280899 343890096977528090 348243136179775281 352596175382022472 356949214584269663 361302253786516854 365655292988764045 370008332191011236 374361371393258427 378714410595505618 383067449797752809 387420489000000000
Case #64: 1 1727606 3455211 5182816 6910421 8638026 10365631 12093236 13820841 15548446 17276051 19003656 20731261 22458866 24186471 25914076 27641681 29369286 31096891 32824496 34552101 36279706 38007311 39734916 41462521 43190126 44917731 46645336 48372941 50100546 51828151 53555756 55283361 57010966 58738571 60466176
Case #65: 1 8796093022208
Case #66: 1 782 1563 2344 3125
Case #67: 1
Case #68: 1 2 3 4 5 6 7 8 9 10 11 12 13 14 15 16 17 18 19 20 21 22 23 24 25 26 27 28 29 30 31 32 33 34 35 36 37 38 39 40 41 42 43 44 45 46 47 48 49 50 51
Case #69: 1 18014398509481984
Case #70: 1 599559158066 1199118316131 1798677474196 2398236632261 2997795790326 3597354948391 4196914106456 4796473264521 5396032422586 5995591580651 6595150738716 7194709896781 7794269054846 8393828212911 8993387370976 9592946529041 10192505687106 10792064845171 11391624003236 11991183161301 12590742319366 13190301477431 13789860635496 14389419793561 14988978951626 15588538109691 16188097267756 16787656425821 17387215583886 17986774741951 18586333900016 19185893058081 19785452216146 20385011374211 20984570532276 21584129690341 22183688848406 22783248006471 23382807164536 23982366322601 24581925480666 25181484638731 25781043796796 26380602954861 26980162112926 27579721270991 28179280429056
Case #71: 1 6 11 16
Case #72: 1 40358375 80716749 121075123 161433497 201791871 242150245 282508619 322866993 363225367 403583741 443942115 484300489 524658863 565017237 605375611 645733985 686092359 726450733 766809107 807167481 847525855 887884229 928242603 968600977 1008959351 1049317725 1089676099 1130034473 1170392847 1210751221 1251109595 1291467969
Case #73: 1 10102 20203 30304 40405 50506 60607 70708 80809 90910 101011 111112 121213 131314 141415 151516 161617 171718 181819 191920 202021 212122 222223 232324 242425 252526 262627 272728 282829 292930 303031 313132 323233 333334 343435 353536 363637 373738 383839 393940 404041 414142 424243 434344 444445 454546 464647 474748 484849 494950 505051 515152 525253 535354 545455 555556 565657 575758 585859 595960 606061 616162 626263 636364 646465 656566 666667 676768 686869 696970 707071 717172 727273 737374 747475 757576 767677 777778 787879 797980 808081 818182 828283 838384 848485 858586 868687 878788 888889 898990 909091 919192 929293 939394 949495 959596 969697 979798 989899 1000000
Case #74: 1 21236982278482 42473964556963 63710946835444 84947929113925 106184911392406 127421893670887 148658875949368 169895858227849 191132840506330 212369822784811 233606805063292 254843787341773 276080769620254 297317751898735 318554734177216 339791716455697 361028698734178 382265681012659 403502663291140 424739645569621 445976627848102 467213610126583 488450592405064 509687574683545 530924556962026 552161539240507 573398521518988 594635503797469 615872486075950 637109468354431 658346450632912 679583432911393 700820415189874 722057397468355 743294379746836 764531362025317 785768344303798 807005326582279 828242308860760 849479291139241 870716273417722 891953255696203 913190237974684 934427220253165 955664202531646 976901184810127 998138167088608 1019375149367089 1040612131645570 1061849113924051 1083086096202532 1104323078481013 1125560060759494 1146797043037975 1168034025316456 1189271007594937 1210507989873418 1231744972151899 1252981954430380 1274218936708861 1295455918987342 1316692901265823 1337929883544304 1359166865822785 1380403848101266 1401640830379747 1422877812658228 1444114794936709 1465351777215190 1486588759493671 1507825741772152 1529062724050633 1550299706329114 1571536688607595 1592773670886076 1614010653164557 1635247635443038 1656484617721519 1677721600000000
Case #75: 1 100 199 298 397 496 595 694 793 892 991 1090 1189 1288 1387 1486 1585 1684 1783 1882 1981 2080 2179 2278 2377 2476 2575 2674 2773 2872 2971 3070 3169 3268 3367 3466 3565 3664 3763 3862 3961 4060 4159 4258 4357 4456 4555 4654 4753 4852 4951 5050 5149 5248 5347 5446 5545 5644 5743 5842 5941 6040 6139 6238 6337 6436 6535 6634 6733 6832 6931 7030 7129 7228 7327 7426 7525 7624 7723 7822 7921 8020 8119 8218 8317 8416 8515 8614 8713 8812 8911 9010 9109 9208 9307 9406 9505 9604
Case #76: 1 11111112 22222223 33333334 44444445 55555556 66666667 77777778 88888889 100000000
Case #77: 1 111111112 222222223 333333334 444444445 555555556 666666667 777777778 888888889 1000000000
Case #78: 1 2 3 4 5 6 7 8 9 10 11 12 13 14 15 16 17 18 19 20 21 22 23 24 25 26 27 28 29 30 31 32 33 34 35 36 37 38 39 40 41 42 43 44 45 46 47 48 49 50 51 52 53 54 55 56 57 58 59 60 61 62 63 64 65 66 67 68 69 70 71 72 73 74 75 76 77
Case #79: 1 7557968542094840 15115937084189679 22673905626284518 30231874168379357 37789842710474196 45347811252569035 52905779794663874 60463748336758713 68021716878853552 75579685420948391 83137653963043230 90695622505138069 98253591047232908 105811559589327747 113369528131422586 120927496673517425 128485465215612264 136043433757707103 143601402299801942 151159370841896781 158717339383991620 166275307926086459 173833276468181298 181391245010276137 188949213552370976 196507182094465815 204065150636560654 211623119178655493 219181087720750332 226739056262845171 234297024804940010 241854993347034849 249412961889129688 256970930431224527 264528898973319366 272086867515414205 279644836057509044 287202804599603883 294760773141698722 302318741683793561 309876710225888400 317434678767983239 324992647310078078 332550615852172917 340108584394267756 347666552936362595 355224521478457434 362782490020552273 370340458562647112 377898427104741951 385456395646836790 393014364188931629 400572332731026468 408130301273121307 415688269815216146 423246238357310985 430804206899405824
Case #80: 1 11966776581370172 23933553162740343 35900329744110514 47867106325480685 59833882906850856 71800659488221027 83767436069591198 95734212650961369 107700989232331540 119667765813701711 131634542395071882 143601318976442053 155568095557812224
Case #81: 1 4265491084507564 8530982169015127 12796473253522690 17061964338030253 21327455422537816 25592946507045379 29858437591552942 34123928676060505 38389419760568068 42654910845075631 46920401929583194 51185893014090757
Case #82: 1 335566482753811 671132965507621 1006699448261431 1342265931015241 1677832413769051 2013398896522861 2348965379276671 2684531862030481 3020098344784291 3355664827538101 3691231310291911 4026797793045721 4362364275799531 4697930758553341 5033497241307151 5369063724060961 5704630206814771 6040196689568581 6375763172322391 6711329655076201 7046896137830011 7382462620583821 7718029103337631 8053595586091441 8389162068845251 8724728551599061 9060295034352871 9395861517106681 9731427999860491 10066994482614301 10402560965368111 10738127448121921 11073693930875731 11409260413629541 11744826896383351 12080393379137161 12415959861890971 12751526344644781 13087092827398591 13422659310152401
Case #83: 1 3611342282 7222684563 10834026844 14445369125 18056711406 21668053687 25279395968 28890738249 32502080530 36113422811 39724765092 43336107373 46947449654 50558791935 54170134216 57781476497 61392818778 65004161059 68615503340 72226845621 75838187902 79449530183 83060872464 86672214745 90283557026 93894899307 97506241588 101117583869 104728926150 108340268431 111951610712 115562952993 119174295274 122785637555 126396979836 130008322117 133619664398 137231006679
Case #84: 1 36012944 72025887 108038830 144051773 180064716 216077659 252090602 288103545 324116488 360129431 396142374 432155317 468168260 504181203 540194146 576207089 612220032
Case #85: 1 1743392201 3486784401
Case #86: 1 2 3 4 5 6 7 8 9 10 11 12 13 14 15 16 17 18 19 20 21 22 23 24 25 26 27 28 29 30 31 32 33 34 35 36 37 38 39 40 41 42 43 44 45 46 47 48 49 50 51 52 53 54 55 56 57 58 59 60 61 62 63 64 65 66 67
Case #87: 1 14 27
Case #88: 1 1364187949796 2728375899591 4092563849386 5456751799181 6820939748976 8185127698771 9549315648566 10913503598361 12277691548156 13641879497951 15006067447746 16370255397541 17734443347336 19098631297131 20462819246926 21827007196721 23191195146516 24555383096311 25919571046106 27283758995901 28647946945696 30012134895491 31376322845286 32740510795081 34104698744876 35468886694671 36833074644466 38197262594261 39561450544056 40925638493851 42289826443646 43654014393441 45018202343236 46382390293031 47746578242826 49110766192621 50474954142416 51839142092211 53203330042006 54567517991801 55931705941596 57295893891391 58660081841186 60024269790981 61388457740776 62752645690571 64116833640366 65481021590161 66845209539956 68209397489751 69573585439546 70937773389341 72301961339136
Case #89: 1
Case #90: 1 22 43 64
Case #91: 1 1227133514 2454267027 3681400540 4908534053 6135667566 7362801079 8589934592
Case #92: 1 2 3 4 5 6 7 8 9 10 11 12 13 14 15 16 17 18 19 20 21 22 23 24 25 26 27 28 29 30 31 32 33 34 35 36 37 38 39 40 41 42 43 44 45 46 47 48 49 50 51 52 53 54 55 56 57 58 59 60 61 62 63 64 65 66 67 68 69
Case #93: 1 576460752303423488
Case #94: 1 169457 338913 508369 677825 847281 1016737 1186193 1355649 1525105 1694561 1864017 2033473 2202929 2372385 2541841 2711297 2880753 3050209 3219665 3389121 3558577 3728033 3897489 4066945 4236401 4405857 4575313 4744769 4914225 5083681 5253137 5422593 5592049 5761505 5930961 6100417 6269873 6439329 6608785 6778241 6947697 7117153 7286609 7456065 7625521 7794977 7964433 8133889 8303345 8472801 8642257 8811713 8981169 9150625
Case #95: 1 499738094 999476187 1499214280 1998952373 2498690466 2998428559 3498166652 3997904745 4497642838 4997380931 5497119024 5996857117 6496595210 6996333303 7496071396 7995809489 8495547582 8995285675 9495023768 9994761861 10494499954 10994238047 11493976140 11993714233 12493452326 12993190419 13492928512
Case #96: 1 6176 12351 18526 24701 30876 37051 43226 49401 55576 61751 67926 74101 80276 86451 92626 98801 104976
Case #97: 1 118778948 237557895 356336842 475115789 593894736 712673683 831452630 950231577 1069010524 1187789471 1306568418 1425347365 1544126312 1662905259 1781684206 1900463153 2019242100 2138021047 2256799994 2375578941 2494357888
Case #98: 1 24 47 70 93 116 139 162 185 208 231 254 277 300 323 346 369 392 415 438 461 484
Case #99: 1
Case #100: 1
